<?xml version="1.0" encoding="UTF-8"?>
<!-- Generated by org.testng.reporters.JUnitReportReporter -->
<testsuite skipped="0" hostname="raghu-PC" name="qsp.DemoA" tests="2" failures="0" timestamp="14 Aug 2017 04:04:21 GMT" time="0.043" errors="0">
  <testcase name="testA2" time="0.008" classname="qsp.DemoA"/>
  <testcase name="testA1" time="0.035" classname="qsp.DemoA"/>
</testsuite> <!-- qsp.DemoA -->
